Python 2.7 (trunk, Sep 16 2019, 09:26:29) 
[GCC 4.2.1 Compatible Apple LLVM 10.0.1 (clang-1001.0.46.4)] on unknown
Type "help", "copyright", "credits" or "license" for more information.>>> {
  "_links": {
    "self": {
      "href": "https://horizon-testnet.stellar.org/accounts/GAIH3ULLFQ4DGSECF2AR555KZ4KNDGEKN4AFI4SU2M7B43MGK3QJZNSR"
    },
    "transactions": {
      "href": "https://horizon-testnet.stellar.org/accounts/GAIH3ULLFQ4DGSECF2AR555KZ4KNDGEKN4AFI4SU2M7B43MGK3QJZNSR/transactions{?cursor,limit,order}",
      "templated": true
    },
    "operations": {
      "href": "https://horizon-testnet.stellar.org/accounts/GAIH3ULLFQ4DGSECF2AR555KZ4KNDGEKN4AFI4SU2M7B43MGK3QJZNSR/operations{?cursor,limit,order}",
      "templated": true
    },
    "payments": {
      "href": "https://horizon-testnet.stellar.org/accounts/GAIH3ULLFQ4DGSECF2AR555KZ4KNDGEKN4AFI4SU2M7B43MGK3QJZNSR/payments{?cursor,limit,order}",
      "templated": true
    },
    "effects": {
      "href": "https://horizon-testnet.stellar.org/accounts/GAIH3ULLFQ4DGSECF2AR555KZ4KNDGEKN4AFI4SU2M7B43MGK3QJZNSR/effects{?cursor,limit,order}",
      "templated": true
    },
    "offers": {
      "href": "https://horizon-testnet.stellar.org/accounts/GAIH3ULLFQ4DGSECF2AR555KZ4KNDGEKN4AFI4SU2M7B43MGK3QJZNSR/offers{?cursor,limit,order}",
      "templated": true
    },
    "trades": {
      "href": "https://horizon-testnet.stellar.org/accounts/GAIH3ULLFQ4DGSECF2AR555KZ4KNDGEKN4AFI4SU2M7B43MGK3QJZNSR/trades{?cursor,limit,order}",
      "templated": true
    },
    "data": {
      "href": "https://horizon-testnet.stellar.org/accounts/GAIH3ULLFQ4DGSECF2AR555KZ4KNDGEKN4AFI4SU2M7B43MGK3QJZNSR/data/{key}",
      "templated": true
    }
  },
  "id": "GAIH3ULLFQ4DGSECF2AR555KZ4KNDGEKN4AFI4SU2M7B43MGK3QJZNSR",
  "account_id": "GAIH3ULLFQ4DGSECF2AR555KZ4KNDGEKN4AFI4SU2M7B43MGK3QJZNSR",
  "sequence": "438086664215",
  "subentry_count": 0,
  "last_modified_ledger": 139973,
  "thresholds": {
    "low_threshold": 0,
    "med_threshold": 0,
    "high_threshold": 0
  },
  "flags": {
    "auth_required": false,
    "auth_revocable": false,
    "auth_immutable": false
  },
  "balances": [
    {
      "balance": "9361048189.9215668",
      "buying_liabilities": "0.0000000",
      "selling_liabilities": "0.0000000",
      "asset_type": "native"
    }
  ],
  "signers": [
    {
      "weight": 1,
      "key": "GAIH3ULLFQ4DGSECF2AR555KZ4KNDGEKN4AFI4SU2M7B43MGK3QJZNSR",
      "type": "ed25519_public_key"
    }
  ],
  "data": {}
}  File "<stdin>", line 1
    "href": "https://horizon-testnet.stellar.org/accounts/GAIH3ULL
                                                                 ^
SyntaxError: EOL while scanning string literal
>>> 

 *My favorite app::pythoni  https://itunes.apple.com/app/id493505744?mt=8
Other's Tutorals:http://iii9i.com